#
# There is insufficient memory for the Java Runtime Environment to continue.
# Native memory allocation (malloc) failed to allocate 32744 bytes for ChunkPool::allocate
# Possible reasons:
#   The system is out of physical RAM or swap space
#   In 32 bit mode, the process size limit was hit
# Possible solutions:
#   Reduce memory load on the system
#   Increase physical memory or swap space
#   Check if swap backing store is full
#   Use 64 bit Java on a 64 bit OS
#   Decrease Java heap size (-Xmx/-Xms)
#   Decrease number of Java threads
#   Decrease Java thread stack sizes (-Xss)
#   Set larger code cache with -XX:ReservedCodeCacheSize=
# This output file may be truncated or incomplete.
#
#  Out of Memory Error (allocation.cpp:273), pid=12180, tid=10212
#
# JRE version: Java(TM) SE Runtime Environment (8.0_65-b17) (build 1.8.0_65-b17)
# Java VM: Java HotSpot(TM) 64-Bit Server VM (25.65-b01 mixed mode windows-amd64 compressed oops)
# Failed to write core dump. Minidumps are not enabled by default on client versions of Windows
#

---------------  T H R E A D  ---------------

Current thread (0x0000000016fa8800):  JavaThread "C2 CompilerThread1" daemon [_thread_in_native, id=10212, stack(0x0000000017630000,0x0000000017730000)]

Stack: [0x0000000017630000,0x0000000017730000]
[error occurred during error reporting (printing stack bounds), id 0xc0000005]

Native frames: (J=compiled Java code, j=interpreted, Vv=VM code, C=native code)


Current CompileTask:
C2:    834  679       4       com.android.dx.util.IntList::add (65 bytes)


---------------  P R O C E S S  ---------------

Java Threads: ( => current thread )
  0x0000000017b4c000 JavaThread "pool-1-thread-4" [_thread_blocked, id=8384, stack(0x0000000018730000,0x0000000018830000)]
  0x0000000017b4b800 JavaThread "pool-1-thread-3" [_thread_blocked, id=912, stack(0x0000000018630000,0x0000000018730000)]
  0x0000000017b48800 JavaThread "pool-1-thread-2" [_thread_blocked, id=11692, stack(0x0000000018530000,0x0000000018630000)]
  0x000000001725c800 JavaThread "pool-2-thread-1" [_thread_blocked, id=7948, stack(0x0000000018430000,0x0000000018530000)]
  0x000000001725b800 JavaThread "pool-1-thread-1" [_thread_blocked, id=4764, stack(0x0000000018330000,0x0000000018430000)]
  0x0000000016fd2000 JavaThread "Service Thread" daemon [_thread_blocked, id=4236, stack(0x0000000017930000,0x0000000017a30000)]
  0x0000000016fb2000 JavaThread "C1 CompilerThread3" daemon [_thread_in_native, id=2284, stack(0x0000000017830000,0x0000000017930000)]
  0x0000000016fb2800 JavaThread "C2 CompilerThread2" daemon [_thread_blocked, id=5728, stack(0x0000000017730000,0x0000000017830000)]
=>0x0000000016fa8800 JavaThread "C2 CompilerThread1" daemon [_thread_in_native, id=10212, stack(0x0000000017630000,0x0000000017730000)]
  0x0000000016f57000 JavaThread "C2 CompilerThread0" daemon [_thread_blocked, id=9420, stack(0x0000000017530000,0x0000000017630000)]
  0x0000000016f54800 JavaThread "Attach Listener" daemon [_thread_blocked, id=2828, stack(0x0000000017430000,0x0000000017530000)]
  0x0000000016f54000 JavaThread "Signal Dispatcher" daemon [_thread_blocked, id=5948, stack(0x0000000017330000,0x0000000017430000)]
  0x0000000002329800 JavaThread "Finalizer" daemon [_thread_blocked, id=10256, stack(0x0000000016d30000,0x0000000016e30000)]
  0x0000000014e4d800 JavaThread "Reference Handler" daemon [_thread_blocked, id=3280, stack(0x0000000016c30000,0x0000000016d30000)]
  0x0000000002230800 JavaThread "main" [_thread_blocked, id=5756, stack(0x0000000002130000,0x0000000002230000)]

Other Threads:
  0x0000000014e49000 VMThread [stack: 0x0000000016b30000,0x0000000016c30000] [id=1208]
  0x0000000016fd9000 WatcherThread [stack: 0x0000000017a30000,0x0000000017b30000] [id=12240]

VM state:not at safepoint (normal execution)

VM Mutex/Monitor currently owned by a thread: None

Heap:
 PSYoungGen      total 57344K, used 20647K [0x00000000eab00000, 0x00000000eeb00000, 0x0000000100000000)
  eden space 49152K, 42% used [0x00000000eab00000,0x00000000ebf29e58,0x00000000edb00000)
  from space 8192K, 0% used [0x00000000ee300000,0x00000000ee300000,0x00000000eeb00000)
  to   space 8192K, 0% used [0x00000000edb00000,0x00000000edb00000,0x00000000ee300000)
 ParOldGen       total 131072K, used 0K [0x00000000c0000000, 0x00000000c8000000, 0x00000000eab00000)
  object space 131072K, 0% used [0x00000000c0000000,0x00000000c0000000,0x00000000c8000000)
 Metaspace       used 5596K, capacity 6576K, committed 6784K, reserved 1056768K
  class space    used 595K, capacity 616K, committed 640K, reserved 1048576K

Card table byte_map: [0x00000000116f0000,0x0000000011900000] byte_map_base: 0x00000000110f0000

Marking Bits: (ParMarkBitMap*) 0x0000000068bfa5b0
 Begin Bits: [0x0000000012260000, 0x0000000013260000)
 End Bits:   [0x0000000013260000, 0x0000000014260000)

Polling page: 0x0000000000900000

CodeCache: size=245760Kb used=2655Kb max_used=2667Kb free=243104Kb
 bounds [0x0000000002330000, 0x00000000025d0000, 0x0000000011330000]
 total_blobs=933 nmethods=664 adapters=182
 compilation: enabled

Compilation events (10 events):
Event: 0.827 Thread 0x0000000016fb2000  658       3       com.android.dx.ssa.Dominators::eval (29 bytes)
Event: 0.827 Thread 0x0000000016fb2000 nmethod 658 0x00000000025c4010 code [0x00000000025c4180, 0x00000000025c4428]
Event: 0.827 Thread 0x0000000016fb2000  668   !   3       com.android.dx.cf.code.BytecodeArray::parseInstruction (2764 bytes)
Event: 0.827 Thread 0x0000000016f57000 nmethod 667 0x00000000025c5710 code [0x00000000025c5860, 0x00000000025c5998]
Event: 0.828 Thread 0x0000000016fa8800  673       4       java.util.BitSet::get (69 bytes)
Event: 0.829 Thread 0x0000000016fa8800 nmethod 673 0x00000000025cbd50 code [0x00000000025cbe80, 0x00000000025cbf58]
Event: 0.829 Thread 0x0000000016fb2800  676       4       com.android.dx.util.Bits::clear (21 bytes)
Event: 0.830 Thread 0x0000000016fb2800 nmethod 676 0x00000000025cc010 code [0x00000000025cc140, 0x00000000025cc1d8]
Event: 0.832 Thread 0x0000000016f57000  678       4       com.android.dx.util.IntList::growIfNeeded (46 bytes)
Event: 0.832 Thread 0x0000000016fa8800  679       4       com.android.dx.util.IntList::add (65 bytes)

GC Heap History (0 events):
No events

Deoptimization events (0 events):
No events

Internal exceptions (2 events):
Event: 0.052 Thread 0x0000000002230800 Exception <a 'java/lang/NoSuchMethodError': Method sun.misc.Unsafe.defineClass(Ljava/lang/String;[BII)Ljava/lang/Class; name or signature does not match> (0x00000000eab0d2f8) thrown at [C:\workspace\8-2-build-windows-amd64-cygwin\jdk8u65\4987\hotspot\src\sm¤l5Ívª?
Event: 0.052 Thread 0x0000000002230800 Exception <a 'java/lang/NoSuchMethodError': Method sun.misc.Unsafe.prefetchRead(Ljava/lang/Object;J)V name or signature does not match> (0x00000000eab0d5e0) thrown at [C:\workspace\8-2-build-windows-amd64-cygwin\jdk8u65\4987\hotspot\src\share\vm\prims\jni.

Events (10 events):
Event: 0.633 loading class com/android/dx/dex/code/RopToDop
Event: 0.633 loading class com/android/dx/dex/code/RopToDop done
Event: 0.637 loading class com/android/dx/dex/code/StdCatchBuilder
Event: 0.637 loading class com/android/dx/dex/code/StdCatchBuilder done
Event: 0.638 loading class com/android/dx/dex/code/DalvCode
Event: 0.638 loading class com/android/dx/dex/code/DalvCode done
Event: 0.639 loading class com/android/dx/dex/file/DebugInfoItem
Event: 0.639 loading class com/android/dx/dex/file/DebugInfoItem done
Event: 0.639 loading class java/io/PrintWriter
Event: 0.639 loading class java/io/PrintWriter done


Dynamic libraries:
0x00007ff60bba0000 - 0x00007ff60bbd7000 	C:\Program Files\Java\jdk1.8.0_65\bin\java.exe
0x00007ffca48c0000 - 0x00007ffca4a81000 	C:\WINDOWS\SYSTEM32\ntdll.dll
0x00007ffca3450000 - 0x00007ffca34fd000 	C:\WINDOWS\system32\KERNEL32.DLL
0x00007ffca0f70000 - 0x00007ffca1158000 	C:\WINDOWS\system32\KERNELBASE.dll
0x00007ffca33a0000 - 0x00007ffca3447000 	C:\WINDOWS\system32\ADVAPI32.dll
0x00007ffca4570000 - 0x00007ffca460d000 	C:\WINDOWS\system32\msvcrt.dll
0x00007ffca3690000 - 0x00007ffca36eb000 	C:\WINDOWS\system32\sechost.dll
0x00007ffca39a0000 - 0x00007ffca3abc000 	C:\WINDOWS\system32\RPCRT4.dll
0x00007ffca4610000 - 0x00007ffca4766000 	C:\WINDOWS\system32\USER32.dll
0x00007ffca3500000 - 0x00007ffca3686000 	C:\WINDOWS\system32\GDI32.dll
0x00007ffc9b800000 - 0x00007ffc9ba74000 	C:\WINDOWS\WinSxS\amd64_microsoft.windows.common-controls_6595b64144ccf1df_6.0.10586.0_none_8c15ae12515e1c22\COMCTL32.dll
0x00007ffca40e0000 - 0x00007ffca435d000 	C:\WINDOWS\system32\combase.dll
0x00007ffca1240000 - 0x00007ffca12aa000 	C:\WINDOWS\system32\bcryptPrimitives.dll
0x00007ffca40a0000 - 0x00007ffca40db000 	C:\WINDOWS\system32\IMM32.DLL
0x0000000067f70000 - 0x0000000068042000 	C:\Program Files\Java\jdk1.8.0_65\jre\bin\msvcr100.dll
0x00000000683f0000 - 0x0000000068c79000 	C:\Program Files\Java\jdk1.8.0_65\jre\bin\server\jvm.dll
0x00007ffca1e30000 - 0x00007ffca1e38000 	C:\WINDOWS\system32\PSAPI.DLL
0x00007ffc90e20000 - 0x00007ffc90e29000 	C:\WINDOWS\SYSTEM32\WSOCK32.dll
0x00007ffca4500000 - 0x00007ffca456b000 	C:\WINDOWS\system32\WS2_32.dll
0x00007ffc9f0b0000 - 0x00007ffc9f0d3000 	C:\WINDOWS\SYSTEM32\WINMM.dll
0x00007ffc9bc70000 - 0x00007ffc9bc7a000 	C:\WINDOWS\SYSTEM32\VERSION.dll
0x00007ffc9ee70000 - 0x00007ffc9ee9c000 	C:\WINDOWS\SYSTEM32\WINMMBASE.dll
0x00007ffca15c0000 - 0x00007ffca1603000 	C:\WINDOWS\system32\cfgmgr32.dll
0x00000000683e0000 - 0x00000000683ef000 	C:\Program Files\Java\jdk1.8.0_65\jre\bin\verify.dll
0x00000000683b0000 - 0x00000000683d9000 	C:\Program Files\Java\jdk1.8.0_65\jre\bin\java.dll
0x0000000068390000 - 0x00000000683a6000 	C:\Program Files\Java\jdk1.8.0_65\jre\bin\zip.dll
0x00007ffca1e40000 - 0x00007ffca339f000 	C:\WINDOWS\system32\SHELL32.dll
0x00007ffca1610000 - 0x00007ffca1c54000 	C:\WINDOWS\system32\windows.storage.dll
0x00007ffca3940000 - 0x00007ffca3992000 	C:\WINDOWS\system32\shlwapi.dll
0x00007ffca0f00000 - 0x00007ffca0f0f000 	C:\WINDOWS\system32\kernel.appcore.dll
0x00007ffca1160000 - 0x00007ffca1215000 	C:\WINDOWS\system32\shcore.dll
0x00007ffca0f20000 - 0x00007ffca0f6b000 	C:\WINDOWS\system32\powrprof.dll
0x00007ffca0ee0000 - 0x00007ffca0ef4000 	C:\WINDOWS\system32\profapi.dll

VM Arguments:
jvm_args: -Xmx1024M -Dfile.encoding=windows-1252 -Duser.country=CO -Duser.language=es -Duser.variant 
java_command: com.android.dx.command.Main --dex --num-threads=4 --output C:\Users\alber\AndroidStudioProjects\MiCRM\app\build\intermediates\pre-dexed\debug\glide-3.6.1-9a88d09f92f1fbeec0a66deb2694d3b54f8b3ba1.jar C:\Users\alber\.gradle\caches\modules-2\files-2.1\com.github.bumptech.glide\glide\3.6.1\86b122e640af09b0723e1fa44083c354ba6d9089\glide-3.6.1.jar
java_class_path (initial): C:\Users\alber\AppData\Local\Android\sdk\build-tools\23.0.2\lib\dx.jar
Launcher Type: SUN_STANDARD

Environment Variables:
PATH=C:\ProgramData\Oracle\Java\javapath;C:\Windows\system32;C:\Windows;C:\Windows\System32\Wbem;C:\Windows\System32\WindowsPowerShell\v1.0\;C:\Program Files (x86)\NVIDIA Corporation\PhysX\Common;C:\WINDOWS\system32\config\systemprofile\.dnx\bin;C:\Program Files\Microsoft DNX\Dnvm\;C:\Program Files\Microsoft SQL Server\120\Tools\Binn\;C:\Program Files (x86)\Windows Kits\10\Windows Performance Toolkit\;C:\Program Files (x86)\nodejs\;C:\WINDOWS\system32;C:\WINDOWS;C:\WINDOWS\System32\Wbem;C:\WINDOWS\System32\WindowsPowerShell\v1.0\;C:\xampp\php;C:\ProgramData\ComposerSetup\bin;C:\Users\alber\AppData\Roaming\npm
USERNAME=alber
OS=Windows_NT
PROCESSOR_IDENTIFIER=Intel64 Family 6 Model 58 Stepping 9, GenuineIntel



---------------  S Y S T E M  ---------------

OS: Windows 10.0 , 64 bit Build 10586 (10.0.10586.0)

CPU:total 8 (4 cores per cpu, 2 threads per core) family 6 model 58 stepping 9, cmov, cx8, fxsr, mmx, sse, sse2, sse3, ssse3, sse4.1, sse4.2, popcnt, avx, aes, clmul, erms, ht, tsc, tscinvbit, tscinv

Memory: 4k page, physical 12469532k(2911808k free), swap 12469532k(388k free)

vm_info: Java HotSpot(TM) 64-Bit Server VM (25.65-b01) for windows-amd64 JRE (1.8.0_65-b17), built on Oct  6 2015 16:39:20 by "java_re" with MS VC++ 10.0 (VS2010)

time: Wed Dec 23 02:22:21 2015
elapsed time: 0 seconds (0d 0h 0m 0s)

